
> client@0.1.0 start /home/hoseobus/hubWEB/client
> PORT=3002 react-scripts start

[HPM] Proxy created: /api  ->  http://localhost:5000
[34mℹ[39m [90m｢wds｣[39m: Project is running at http://192.168.0.55/
[34mℹ[39m [90m｢wds｣[39m: webpack output is served from 
[34mℹ[39m [90m｢wds｣[39m: Content not from webpack is served from /home/hoseobus/hubWEB/client/public
[34mℹ[39m [90m｢wds｣[39m: 404s will fallback to /
Starting the development server...

events.js:174
      throw er; // Unhandled 'error' event
      ^

Error: EBADF: bad file descriptor, read
Emitted 'error' event at:
    at lazyFs.read (internal/fs/streams.js:165:12)
    at FSReqWrap.wrapper [as oncomplete] (fs.js:467:17)
npm ERR! code ELIFECYCLE
npm ERR! errno 1
npm ERR! client@0.1.0 start: `PORT=3002 react-scripts start`
npm ERR! Exit status 1
npm ERR! 
npm ERR! Failed at the client@0.1.0 start script.
npm ERR! This is probably not a problem with npm. There is likely additional logging output above.

npm ERR! A complete log of this run can be found in:
npm ERR!     /home/hoseobus/.npm/_logs/2020-07-15T14_47_22_177Z-debug.log

> client@0.1.0 start /home/hoseobus/hubWEB/client
> PORT=3002 react-scripts start

[HPM] Proxy created: /api  ->  http://localhost:5000
[34mℹ[39m [90m｢wds｣[39m: Project is running at http://192.168.0.55/
[34mℹ[39m [90m｢wds｣[39m: webpack output is served from 
[34mℹ[39m [90m｢wds｣[39m: Content not from webpack is served from /home/hoseobus/hubWEB/client/public
[34mℹ[39m [90m｢wds｣[39m: 404s will fallback to /
Starting the development server...

events.js:174
      throw er; // Unhandled 'error' event
      ^

Error: EBADF: bad file descriptor, read
Emitted 'error' event at:
    at lazyFs.read (internal/fs/streams.js:165:12)
    at FSReqWrap.wrapper [as oncomplete] (fs.js:467:17)
npm ERR! code ELIFECYCLE
npm ERR! errno 1
npm ERR! client@0.1.0 start: `PORT=3002 react-scripts start`
npm ERR! Exit status 1
npm ERR! 
npm ERR! Failed at the client@0.1.0 start script.
npm ERR! This is probably not a problem with npm. There is likely additional logging output above.

npm ERR! A complete log of this run can be found in:
npm ERR!     /home/hoseobus/.npm/_logs/2020-07-15T14_47_45_209Z-debug.log

> client@0.1.0 start /home/hoseobus/hubWEB/client
> PORT=3002 react-scripts start

[HPM] Proxy created: /api  ->  http://localhost:5000
[34mℹ[39m [90m｢wds｣[39m: Project is running at http://192.168.0.55/
[34mℹ[39m [90m｢wds｣[39m: webpack output is served from 
[34mℹ[39m [90m｢wds｣[39m: Content not from webpack is served from /home/hoseobus/hubWEB/client/public
[34mℹ[39m [90m｢wds｣[39m: 404s will fallback to /
Starting the development server...

events.js:174
      throw er; // Unhandled 'error' event
      ^

Error: EBADF: bad file descriptor, read
Emitted 'error' event at:
    at lazyFs.read (internal/fs/streams.js:165:12)
    at FSReqWrap.wrapper [as oncomplete] (fs.js:467:17)
npm ERR! code ELIFECYCLE
npm ERR! errno 1
npm ERR! client@0.1.0 start: `PORT=3002 react-scripts start`
npm ERR! Exit status 1
npm ERR! 
npm ERR! Failed at the client@0.1.0 start script.
npm ERR! This is probably not a problem with npm. There is likely additional logging output above.

npm ERR! A complete log of this run can be found in:
npm ERR!     /home/hoseobus/.npm/_logs/2020-07-15T14_48_34_741Z-debug.log
internal/modules/cjs/loader.js:638
    throw err;
    ^

Error: Cannot find module '/home/hoseobus/hubWEB/client/server.js'
    at Function.Module._resolveFilename (internal/modules/cjs/loader.js:636:15)
    at Function.Module._load (internal/modules/cjs/loader.js:562:25)
    at Function.Module.runMain (internal/modules/cjs/loader.js:831:12)
    at startup (internal/bootstrap/node.js:283:19)
    at bootstrapNodeJSCore (internal/bootstrap/node.js:623:3)
